2020-01-11 00:25:31.056  [http-nio-8084-exec-1] DEBUG [com.mooc.house.hsrv.mapper.HouseMapper.selectHouse:] [7a1bb7369137f2af,f91455984aafb6e7] - ==>  Preparing: select a.id , a.type, a.name, a.price, a.images , a.area , a.beds , a.baths , a.rating , a.remarks , a.properties , a.floor_plan , a.tags , a.create_time , a.city_id , a.community_id , a.address, a.state, b.user_id from house a inner join ( select house_id,user_id from house_user WHERE type = 1 ) b on a.id = b.house_id WHERE state = 1 order by a.create_time desc limit ?, ? 
2020-01-11 00:25:31.139  [http-nio-8084-exec-1] DEBUG [com.mooc.house.hsrv.mapper.HouseMapper.selectHouse:] [7a1bb7369137f2af,f91455984aafb6e7] - ==> Parameters: 0(Integer), 8(Integer)
2020-01-11 00:25:31.184  [http-nio-8084-exec-1] DEBUG [com.mooc.house.hsrv.mapper.HouseMapper.selectHouse:] [7a1bb7369137f2af,f91455984aafb6e7] - <==      Total: 2
2020-01-11 00:28:04.426  [http-nio-8084-exec-1] DEBUG [com.mooc.house.hsrv.mapper.HouseMapper.selectHouse:] [5b0be61ce98ca273,21a10bf97d8db8c1] - ==>  Preparing: select a.id , a.type, a.name, a.price, a.images , a.area , a.beds , a.baths , a.rating , a.remarks , a.properties , a.floor_plan , a.tags , a.create_time , a.city_id , a.community_id , a.address, a.state, b.user_id from house a inner join ( select house_id,user_id from house_user WHERE type = 1 ) b on a.id = b.house_id WHERE state = 1 order by a.create_time desc limit ?, ? 
2020-01-11 00:28:04.496  [http-nio-8084-exec-1] DEBUG [com.mooc.house.hsrv.mapper.HouseMapper.selectHouse:] [5b0be61ce98ca273,21a10bf97d8db8c1] - ==> Parameters: 0(Integer), 8(Integer)
2020-01-11 00:28:04.537  [http-nio-8084-exec-1] DEBUG [com.mooc.house.hsrv.mapper.HouseMapper.selectHouse:] [5b0be61ce98ca273,21a10bf97d8db8c1] - <==      Total: 2
2020-01-11 00:28:57.071  [http-nio-8084-exec-2] DEBUG [com.mooc.house.hsrv.mapper.HouseMapper.selectHouse:] [75eba47af370253a,3482e14ca7a627e4] - ==>  Preparing: select a.id , a.type, a.name, a.price, a.images , a.area , a.beds , a.baths , a.rating , a.remarks , a.properties , a.floor_plan , a.tags , a.create_time , a.city_id , a.community_id , a.address, a.state, b.user_id from house a inner join ( select house_id,user_id from house_user WHERE type = 1 ) b on a.id = b.house_id WHERE state = 1 order by a.create_time desc limit ?, ? 
2020-01-11 00:28:57.074  [http-nio-8084-exec-2] DEBUG [com.mooc.house.hsrv.mapper.HouseMapper.selectHouse:] [75eba47af370253a,3482e14ca7a627e4] - ==> Parameters: 0(Integer), 8(Integer)
2020-01-11 00:28:57.085  [http-nio-8084-exec-2] DEBUG [com.mooc.house.hsrv.mapper.HouseMapper.selectHouse:] [75eba47af370253a,3482e14ca7a627e4] - <==      Total: 2
2020-01-11 00:29:12.305  [http-nio-8084-exec-3] DEBUG [com.mooc.house.hsrv.mapper.HouseMapper.selectHouse:] [acfbcad384d216c7,03a2defa675c38bd] - ==>  Preparing: select a.id , a.type, a.name, a.price, a.images , a.area , a.beds , a.baths , a.rating , a.remarks , a.properties , a.floor_plan , a.tags , a.create_time , a.city_id , a.community_id , a.address, a.state, b.user_id from house a inner join ( select house_id,user_id from house_user WHERE type = 1 ) b on a.id = b.house_id WHERE state = 1 order by a.create_time desc limit ?, ? 
2020-01-11 00:29:12.307  [http-nio-8084-exec-3] DEBUG [com.mooc.house.hsrv.mapper.HouseMapper.selectHouse:] [acfbcad384d216c7,03a2defa675c38bd] - ==> Parameters: 0(Integer), 8(Integer)
2020-01-11 00:29:12.317  [http-nio-8084-exec-3] DEBUG [com.mooc.house.hsrv.mapper.HouseMapper.selectHouse:] [acfbcad384d216c7,03a2defa675c38bd] - <==      Total: 2
2020-01-11 00:40:17.651  [http-nio-8084-exec-5] DEBUG [com.mooc.house.hsrv.mapper.HouseMapper.selectHouse:] [8bf2adeafdc70650,56a2ddf35d393ef8] - ==>  Preparing: select a.id , a.type, a.name, a.price, a.images , a.area , a.beds , a.baths , a.rating , a.remarks , a.properties , a.floor_plan , a.tags , a.create_time , a.city_id , a.community_id , a.address, a.state, b.user_id from house a inner join ( select house_id,user_id from house_user WHERE type = 1 ) b on a.id = b.house_id WHERE state = 1 order by a.create_time desc limit ?, ? 
2020-01-11 00:40:17.656  [http-nio-8084-exec-5] DEBUG [com.mooc.house.hsrv.mapper.HouseMapper.selectHouse:] [8bf2adeafdc70650,56a2ddf35d393ef8] - ==> Parameters: 0(Integer), 8(Integer)
2020-01-11 00:40:17.665  [http-nio-8084-exec-5] DEBUG [com.mooc.house.hsrv.mapper.HouseMapper.selectHouse:] [8bf2adeafdc70650,56a2ddf35d393ef8] - <==      Total: 2
2020-01-11 00:43:39.548  [http-nio-8084-exec-7] DEBUG [com.mooc.house.hsrv.mapper.HouseMapper.selectHouse:] [e7be81e18da6ce01,28e7031707521e82] - ==>  Preparing: select a.id , a.type, a.name, a.price, a.images , a.area , a.beds , a.baths , a.rating , a.remarks , a.properties , a.floor_plan , a.tags , a.create_time , a.city_id , a.community_id , a.address, a.state, b.user_id from house a inner join ( select house_id,user_id from house_user WHERE type = 1 ) b on a.id = b.house_id WHERE state = 1 order by a.create_time desc limit ?, ? 
2020-01-11 00:43:39.550  [http-nio-8084-exec-7] DEBUG [com.mooc.house.hsrv.mapper.HouseMapper.selectHouse:] [e7be81e18da6ce01,28e7031707521e82] - ==> Parameters: 0(Integer), 8(Integer)
2020-01-11 00:43:39.556  [http-nio-8084-exec-7] DEBUG [com.mooc.house.hsrv.mapper.HouseMapper.selectHouse:] [e7be81e18da6ce01,28e7031707521e82] - <==      Total: 2
2020-01-11 00:43:47.212  [http-nio-8084-exec-8] DEBUG [com.mooc.house.hsrv.mapper.HouseMapper.selectHouse:] [5217dfa6eead0591,ca0c6912de7ad7a3] - ==>  Preparing: select a.id , a.type, a.name, a.price, a.images , a.area , a.beds , a.baths , a.rating , a.remarks , a.properties , a.floor_plan , a.tags , a.create_time , a.city_id , a.community_id , a.address, a.state, b.user_id from house a inner join ( select house_id,user_id from house_user WHERE type = 1 ) b on a.id = b.house_id WHERE state = 1 order by a.create_time desc limit ?, ? 
2020-01-11 00:43:47.216  [http-nio-8084-exec-8] DEBUG [com.mooc.house.hsrv.mapper.HouseMapper.selectHouse:] [5217dfa6eead0591,ca0c6912de7ad7a3] - ==> Parameters: 0(Integer), 2(Integer)
2020-01-11 00:43:47.229  [http-nio-8084-exec-8] DEBUG [com.mooc.house.hsrv.mapper.HouseMapper.selectHouse:] [5217dfa6eead0591,ca0c6912de7ad7a3] - <==      Total: 2
2020-01-11 00:43:47.233  [http-nio-8084-exec-8] DEBUG [com.mooc.house.hsrv.mapper.HouseMapper.selectHouseCount:] [5217dfa6eead0591,ca0c6912de7ad7a3] - ==>  Preparing: select count(id) from house a inner join ( select house_id,user_id from house_user WHERE type = 1 ) b on a.id = b.house_id WHERE state = 1 
2020-01-11 00:43:47.244  [http-nio-8084-exec-8] DEBUG [com.mooc.house.hsrv.mapper.HouseMapper.selectHouseCount:] [5217dfa6eead0591,ca0c6912de7ad7a3] - ==> Parameters: 
2020-01-11 00:43:47.247  [http-nio-8084-exec-8] DEBUG [com.mooc.house.hsrv.mapper.HouseMapper.selectHouseCount:] [5217dfa6eead0591,ca0c6912de7ad7a3] - <==      Total: 1
2020-01-11 00:43:47.366  [http-nio-8084-exec-9] DEBUG [com.mooc.house.hsrv.mapper.HouseMapper.selectHouse:] [5217dfa6eead0591,c6e963777e51ef7e] - ==>  Preparing: select a.id , a.type, a.name, a.price, a.images , a.area , a.beds , a.baths , a.rating , a.remarks , a.properties , a.floor_plan , a.tags , a.create_time , a.city_id , a.community_id , a.address, a.state, b.user_id from house a inner join ( select house_id,user_id from house_user WHERE type = 1 ) b on a.id = b.house_id WHERE state = 1 and id in ( ? , ? , ? , ? ) order by a.create_time desc limit ?, ? 
2020-01-11 00:43:47.377  [http-nio-8084-exec-9] DEBUG [com.mooc.house.hsrv.mapper.HouseMapper.selectHouse:] [5217dfa6eead0591,c6e963777e51ef7e] - ==> Parameters: 28(Long), 31(Long), 26(Long), 29(Long), 0(Integer), 3(Integer)
2020-01-11 00:43:47.386  [http-nio-8084-exec-9] DEBUG [com.mooc.house.hsrv.mapper.HouseMapper.selectHouse:] [5217dfa6eead0591,c6e963777e51ef7e] - <==      Total: 1
2020-01-11 00:48:28.262  [http-nio-8084-exec-1] DEBUG [com.mooc.house.hsrv.mapper.HouseMapper.selectHouse:] [3addb0b1bf6b0e9b,e33257a2a20c3325] - ==>  Preparing: select a.id , a.type, a.name, a.price, a.images , a.area , a.beds , a.baths , a.rating , a.remarks , a.properties , a.floor_plan , a.tags , a.create_time , a.city_id , a.community_id , a.address, a.state, b.user_id from house a inner join ( select house_id,user_id from house_user WHERE type = 1 ) b on a.id = b.house_id WHERE state = 1 order by a.create_time desc limit ?, ? 
2020-01-11 00:48:28.357  [http-nio-8084-exec-1] DEBUG [com.mooc.house.hsrv.mapper.HouseMapper.selectHouse:] [3addb0b1bf6b0e9b,e33257a2a20c3325] - ==> Parameters: 0(Integer), 8(Integer)
2020-01-11 00:48:28.402  [http-nio-8084-exec-1] DEBUG [com.mooc.house.hsrv.mapper.HouseMapper.selectHouse:] [3addb0b1bf6b0e9b,e33257a2a20c3325] - <==      Total: 2
2020-01-11 00:48:34.071  [http-nio-8084-exec-2] DEBUG [com.mooc.house.hsrv.mapper.HouseMapper.selectHouse:] [767a8c327debdc67,9dff4b629459a8c3] - ==>  Preparing: select a.id , a.type, a.name, a.price, a.images , a.area , a.beds , a.baths , a.rating , a.remarks , a.properties , a.floor_plan , a.tags , a.create_time , a.city_id , a.community_id , a.address, a.state, b.user_id from house a inner join ( select house_id,user_id from house_user WHERE type = 1 ) b on a.id = b.house_id WHERE state = 1 order by a.create_time desc limit ?, ? 
2020-01-11 00:48:34.080  [http-nio-8084-exec-2] DEBUG [com.mooc.house.hsrv.mapper.HouseMapper.selectHouse:] [767a8c327debdc67,9dff4b629459a8c3] - ==> Parameters: 0(Integer), 2(Integer)
2020-01-11 00:48:34.095  [http-nio-8084-exec-2] DEBUG [com.mooc.house.hsrv.mapper.HouseMapper.selectHouse:] [767a8c327debdc67,9dff4b629459a8c3] - <==      Total: 2
2020-01-11 00:48:34.098  [http-nio-8084-exec-2] DEBUG [com.mooc.house.hsrv.mapper.HouseMapper.selectHouseCount:] [767a8c327debdc67,9dff4b629459a8c3] - ==>  Preparing: select count(id) from house a inner join ( select house_id,user_id from house_user WHERE type = 1 ) b on a.id = b.house_id WHERE state = 1 
2020-01-11 00:48:34.107  [http-nio-8084-exec-2] DEBUG [com.mooc.house.hsrv.mapper.HouseMapper.selectHouseCount:] [767a8c327debdc67,9dff4b629459a8c3] - ==> Parameters: 
2020-01-11 00:48:34.114  [http-nio-8084-exec-2] DEBUG [com.mooc.house.hsrv.mapper.HouseMapper.selectHouseCount:] [767a8c327debdc67,9dff4b629459a8c3] - <==      Total: 1
2020-01-11 00:48:34.216  [http-nio-8084-exec-2] DEBUG [com.mooc.house.hsrv.mapper.HouseMapper.selectHouse:] [767a8c327debdc67,8bdbd2b50c49c478] - ==>  Preparing: select a.id , a.type, a.name, a.price, a.images , a.area , a.beds , a.baths , a.rating , a.remarks , a.properties , a.floor_plan , a.tags , a.create_time , a.city_id , a.community_id , a.address, a.state, b.user_id from house a inner join ( select house_id,user_id from house_user WHERE type = 1 ) b on a.id = b.house_id WHERE state = 1 and id in ( ? , ? , ? , ? ) order by a.create_time desc limit ?, ? 
2020-01-11 00:48:34.223  [http-nio-8084-exec-2] DEBUG [com.mooc.house.hsrv.mapper.HouseMapper.selectHouse:] [767a8c327debdc67,8bdbd2b50c49c478] - ==> Parameters: 28(Long), 31(Long), 26(Long), 29(Long), 0(Integer), 3(Integer)
2020-01-11 00:48:34.230  [http-nio-8084-exec-2] DEBUG [com.mooc.house.hsrv.mapper.HouseMapper.selectHouse:] [767a8c327debdc67,8bdbd2b50c49c478] - <==      Total: 1
2020-01-11 00:59:04.343  [http-nio-8084-exec-1] DEBUG [com.mooc.house.hsrv.mapper.HouseMapper.selectHouse:] [5c8217ad719eff39,7afd53fe3081148c] - ==>  Preparing: select a.id , a.type, a.name, a.price, a.images , a.area , a.beds , a.baths , a.rating , a.remarks , a.properties , a.floor_plan , a.tags , a.create_time , a.city_id , a.community_id , a.address, a.state, b.user_id from house a inner join ( select house_id,user_id from house_user WHERE type = 1 ) b on a.id = b.house_id WHERE state = 1 order by a.create_time desc limit ?, ? 
2020-01-11 00:59:04.459  [http-nio-8084-exec-1] DEBUG [com.mooc.house.hsrv.mapper.HouseMapper.selectHouse:] [5c8217ad719eff39,7afd53fe3081148c] - ==> Parameters: 0(Integer), 2(Integer)
2020-01-11 00:59:04.508  [http-nio-8084-exec-1] DEBUG [com.mooc.house.hsrv.mapper.HouseMapper.selectHouse:] [5c8217ad719eff39,7afd53fe3081148c] - <==      Total: 2
2020-01-11 00:59:04.511  [http-nio-8084-exec-1] DEBUG [com.mooc.house.hsrv.mapper.HouseMapper.selectHouseCount:] [5c8217ad719eff39,7afd53fe3081148c] - ==>  Preparing: select count(id) from house a inner join ( select house_id,user_id from house_user WHERE type = 1 ) b on a.id = b.house_id WHERE state = 1 
2020-01-11 00:59:04.516  [http-nio-8084-exec-1] DEBUG [com.mooc.house.hsrv.mapper.HouseMapper.selectHouseCount:] [5c8217ad719eff39,7afd53fe3081148c] - ==> Parameters: 
2020-01-11 00:59:04.518  [http-nio-8084-exec-1] DEBUG [com.mooc.house.hsrv.mapper.HouseMapper.selectHouseCount:] [5c8217ad719eff39,7afd53fe3081148c] - <==      Total: 1
2020-01-11 00:59:04.678  [http-nio-8084-exec-1] DEBUG [com.mooc.house.hsrv.mapper.HouseMapper.selectHouse:] [5c8217ad719eff39,56634bc95c237d5e] - ==>  Preparing: select a.id , a.type, a.name, a.price, a.images , a.area , a.beds , a.baths , a.rating , a.remarks , a.properties , a.floor_plan , a.tags , a.create_time , a.city_id , a.community_id , a.address, a.state, b.user_id from house a inner join ( select house_id,user_id from house_user WHERE type = 1 ) b on a.id = b.house_id WHERE state = 1 and id in ( ? , ? , ? , ? ) order by a.create_time desc limit ?, ? 
2020-01-11 00:59:04.683  [http-nio-8084-exec-1] DEBUG [com.mooc.house.hsrv.mapper.HouseMapper.selectHouse:] [5c8217ad719eff39,56634bc95c237d5e] - ==> Parameters: 28(Long), 31(Long), 26(Long), 29(Long), 0(Integer), 3(Integer)
2020-01-11 00:59:04.688  [http-nio-8084-exec-1] DEBUG [com.mooc.house.hsrv.mapper.HouseMapper.selectHouse:] [5c8217ad719eff39,56634bc95c237d5e] - <==      Total: 1
2020-01-11 00:59:12.115  [http-nio-8084-exec-2] DEBUG [com.mooc.house.hsrv.mapper.HouseMapper.selectHouse:] [a40cadfe10d4d651,23c782b1fd12ca1e] - ==>  Preparing: select a.id , a.type, a.name, a.price, a.images , a.area , a.beds , a.baths , a.rating , a.remarks , a.properties , a.floor_plan , a.tags , a.create_time , a.city_id , a.community_id , a.address, a.state, b.user_id from house a inner join ( select house_id,user_id from house_user WHERE type = 1 ) b on a.id = b.house_id WHERE state = 1 order by a.create_time desc limit ?, ? 
2020-01-11 00:59:12.118  [http-nio-8084-exec-2] DEBUG [com.mooc.house.hsrv.mapper.HouseMapper.selectHouse:] [a40cadfe10d4d651,23c782b1fd12ca1e] - ==> Parameters: 0(Integer), 2(Integer)
2020-01-11 00:59:12.126  [http-nio-8084-exec-2] DEBUG [com.mooc.house.hsrv.mapper.HouseMapper.selectHouse:] [a40cadfe10d4d651,23c782b1fd12ca1e] - <==      Total: 2
2020-01-11 00:59:12.129  [http-nio-8084-exec-2] DEBUG [com.mooc.house.hsrv.mapper.HouseMapper.selectHouseCount:] [a40cadfe10d4d651,23c782b1fd12ca1e] - ==>  Preparing: select count(id) from house a inner join ( select house_id,user_id from house_user WHERE type = 1 ) b on a.id = b.house_id WHERE state = 1 
2020-01-11 00:59:12.130  [http-nio-8084-exec-2] DEBUG [com.mooc.house.hsrv.mapper.HouseMapper.selectHouseCount:] [a40cadfe10d4d651,23c782b1fd12ca1e] - ==> Parameters: 
2020-01-11 00:59:12.132  [http-nio-8084-exec-2] DEBUG [com.mooc.house.hsrv.mapper.HouseMapper.selectHouseCount:] [a40cadfe10d4d651,23c782b1fd12ca1e] - <==      Total: 1
2020-01-11 00:59:12.170  [http-nio-8084-exec-3] DEBUG [com.mooc.house.hsrv.mapper.HouseMapper.selectHouse:] [a40cadfe10d4d651,aae4a1c208acd3d2] - ==>  Preparing: select a.id , a.type, a.name, a.price, a.images , a.area , a.beds , a.baths , a.rating , a.remarks , a.properties , a.floor_plan , a.tags , a.create_time , a.city_id , a.community_id , a.address, a.state, b.user_id from house a inner join ( select house_id,user_id from house_user WHERE type = 1 ) b on a.id = b.house_id WHERE state = 1 and id in ( ? , ? , ? , ? ) order by a.create_time desc limit ?, ? 
2020-01-11 00:59:12.175  [http-nio-8084-exec-3] DEBUG [com.mooc.house.hsrv.mapper.HouseMapper.selectHouse:] [a40cadfe10d4d651,aae4a1c208acd3d2] - ==> Parameters: 28(Long), 31(Long), 26(Long), 29(Long), 0(Integer), 3(Integer)
2020-01-11 00:59:12.181  [http-nio-8084-exec-3] DEBUG [com.mooc.house.hsrv.mapper.HouseMapper.selectHouse:] [a40cadfe10d4d651,aae4a1c208acd3d2] - <==      Total: 1
2020-01-11 00:59:13.733  [http-nio-8084-exec-4] DEBUG [com.mooc.house.hsrv.mapper.HouseMapper.selectHouse:] [c8e75f62742c8f66,248c8a9fa602fc63] - ==>  Preparing: select a.id , a.type, a.name, a.price, a.images , a.area , a.beds , a.baths , a.rating , a.remarks , a.properties , a.floor_plan , a.tags , a.create_time , a.city_id , a.community_id , a.address, a.state, b.user_id from house a inner join ( select house_id,user_id from house_user WHERE type = 1 ) b on a.id = b.house_id WHERE state = 1 and a.id = ? order by a.create_time desc limit ?, ? 
2020-01-11 00:59:13.737  [http-nio-8084-exec-4] DEBUG [com.mooc.house.hsrv.mapper.HouseMapper.selectHouse:] [c8e75f62742c8f66,248c8a9fa602fc63] - ==> Parameters: 31(Long), 0(Integer), 1(Integer)
2020-01-11 00:59:13.746  [http-nio-8084-exec-4] DEBUG [com.mooc.house.hsrv.mapper.HouseMapper.selectHouse:] [c8e75f62742c8f66,248c8a9fa602fc63] - <==      Total: 1
2020-01-11 00:59:13.940  [http-nio-8084-exec-5] DEBUG [com.mooc.house.hsrv.mapper.HouseMapper.selectHouse:] [c8e75f62742c8f66,5af56bec277ed5ac] - ==>  Preparing: select a.id , a.type, a.name, a.price, a.images , a.area , a.beds , a.baths , a.rating , a.remarks , a.properties , a.floor_plan , a.tags , a.create_time , a.city_id , a.community_id , a.address, a.state, b.user_id from house a inner join ( select house_id,user_id from house_user WHERE type = 1 ) b on a.id = b.house_id WHERE state = 1 and id in ( ? , ? , ? , ? ) order by a.create_time desc limit ?, ? 
2020-01-11 00:59:13.944  [http-nio-8084-exec-5] DEBUG [com.mooc.house.hsrv.mapper.HouseMapper.selectHouse:] [c8e75f62742c8f66,5af56bec277ed5ac] - ==> Parameters: 28(Long), 31(Long), 26(Long), 29(Long), 0(Integer), 3(Integer)
2020-01-11 00:59:13.951  [http-nio-8084-exec-5] DEBUG [com.mooc.house.hsrv.mapper.HouseMapper.selectHouse:] [c8e75f62742c8f66,5af56bec277ed5ac] - <==      Total: 1
2020-01-11 00:59:20.048  [http-nio-8084-exec-7] DEBUG [com.mooc.house.hsrv.mapper.HouseMapper.selectHouse:] [ecead8ccef3c87cd,187d5d00df2c2d85] - ==>  Preparing: select a.id , a.type, a.name, a.price, a.images , a.area , a.beds , a.baths , a.rating , a.remarks , a.properties , a.floor_plan , a.tags , a.create_time , a.city_id , a.community_id , a.address, a.state, b.user_id from house a inner join ( select house_id,user_id from house_user WHERE type = 1 ) b on a.id = b.house_id WHERE state = 1 and a.id = ? order by a.create_time desc limit ?, ? 
2020-01-11 00:59:20.053  [http-nio-8084-exec-7] DEBUG [com.mooc.house.hsrv.mapper.HouseMapper.selectHouse:] [ecead8ccef3c87cd,187d5d00df2c2d85] - ==> Parameters: 31(Long), 0(Integer), 1(Integer)
2020-01-11 00:59:20.064  [http-nio-8084-exec-7] DEBUG [com.mooc.house.hsrv.mapper.HouseMapper.selectHouse:] [ecead8ccef3c87cd,187d5d00df2c2d85] - <==      Total: 1
2020-01-11 00:59:21.151  [http-nio-8084-exec-8] DEBUG [com.mooc.house.hsrv.mapper.HouseMapper.selectHouse:] [ecead8ccef3c87cd,c112c525ce457e2f] - ==>  Preparing: select a.id , a.type, a.name, a.price, a.images , a.area , a.beds , a.baths , a.rating , a.remarks , a.properties , a.floor_plan , a.tags , a.create_time , a.city_id , a.community_id , a.address, a.state, b.user_id from house a inner join ( select house_id,user_id from house_user WHERE type = 1 ) b on a.id = b.house_id WHERE state = 1 and id in ( ? , ? , ? , ? ) order by a.create_time desc limit ?, ? 
2020-01-11 00:59:21.159  [http-nio-8084-exec-8] DEBUG [com.mooc.house.hsrv.mapper.HouseMapper.selectHouse:] [ecead8ccef3c87cd,c112c525ce457e2f] - ==> Parameters: 28(Long), 31(Long), 26(Long), 29(Long), 0(Integer), 3(Integer)
2020-01-11 00:59:21.165  [http-nio-8084-exec-8] DEBUG [com.mooc.house.hsrv.mapper.HouseMapper.selectHouse:] [ecead8ccef3c87cd,c112c525ce457e2f] - <==      Total: 1
