2020-01-11 01:00:34.754  [http-nio-8084-exec-1] DEBUG [com.mooc.house.hsrv.mapper.HouseMapper.selectHouse:] [e64ca111890bcfdb,f9c064f0d42b0e06] - ==>  Preparing: select a.id , a.type, a.name, a.price, a.images , a.area , a.beds , a.baths , a.rating , a.remarks , a.properties , a.floor_plan , a.tags , a.create_time , a.city_id , a.community_id , a.address, a.state, b.user_id from house a inner join ( select house_id,user_id from house_user WHERE type = 1 ) b on a.id = b.house_id WHERE state = 1 and a.id = ? order by a.create_time desc limit ?, ? 
2020-01-11 01:00:34.757  [http-nio-8084-exec-1] DEBUG [com.mooc.house.hsrv.mapper.HouseMapper.selectHouse:] [e64ca111890bcfdb,f9c064f0d42b0e06] - ==> Parameters: 31(Long), 0(Integer), 1(Integer)
2020-01-11 01:00:34.764  [http-nio-8084-exec-1] DEBUG [com.mooc.house.hsrv.mapper.HouseMapper.selectHouse:] [e64ca111890bcfdb,f9c064f0d42b0e06] - <==      Total: 1
2020-01-11 01:00:40.887  [http-nio-8084-exec-2] DEBUG [com.mooc.house.hsrv.mapper.HouseMapper.selectHouse:] [62f3df2bef7b81cb,2dd29ed6c27c72c6] - ==>  Preparing: select a.id , a.type, a.name, a.price, a.images , a.area , a.beds , a.baths , a.rating , a.remarks , a.properties , a.floor_plan , a.tags , a.create_time , a.city_id , a.community_id , a.address, a.state, b.user_id from house a inner join ( select house_id,user_id from house_user WHERE type = 1 ) b on a.id = b.house_id WHERE state = 1 order by a.create_time desc limit ?, ? 
2020-01-11 01:00:40.890  [http-nio-8084-exec-2] DEBUG [com.mooc.house.hsrv.mapper.HouseMapper.selectHouse:] [62f3df2bef7b81cb,2dd29ed6c27c72c6] - ==> Parameters: 0(Integer), 2(Integer)
2020-01-11 01:00:40.898  [http-nio-8084-exec-2] DEBUG [com.mooc.house.hsrv.mapper.HouseMapper.selectHouse:] [62f3df2bef7b81cb,2dd29ed6c27c72c6] - <==      Total: 2
2020-01-11 01:00:40.900  [http-nio-8084-exec-2] DEBUG [com.mooc.house.hsrv.mapper.HouseMapper.selectHouseCount:] [62f3df2bef7b81cb,2dd29ed6c27c72c6] - ==>  Preparing: select count(id) from house a inner join ( select house_id,user_id from house_user WHERE type = 1 ) b on a.id = b.house_id WHERE state = 1 
2020-01-11 01:00:40.902  [http-nio-8084-exec-2] DEBUG [com.mooc.house.hsrv.mapper.HouseMapper.selectHouseCount:] [62f3df2bef7b81cb,2dd29ed6c27c72c6] - ==> Parameters: 
2020-01-11 01:00:40.905  [http-nio-8084-exec-2] DEBUG [com.mooc.house.hsrv.mapper.HouseMapper.selectHouseCount:] [62f3df2bef7b81cb,2dd29ed6c27c72c6] - <==      Total: 1
2020-01-11 01:00:40.927  [http-nio-8084-exec-3] DEBUG [com.mooc.house.hsrv.mapper.HouseMapper.selectHouse:] [62f3df2bef7b81cb,79387fc99607f01e] - ==>  Preparing: select a.id , a.type, a.name, a.price, a.images , a.area , a.beds , a.baths , a.rating , a.remarks , a.properties , a.floor_plan , a.tags , a.create_time , a.city_id , a.community_id , a.address, a.state, b.user_id from house a inner join ( select house_id,user_id from house_user WHERE type = 1 ) b on a.id = b.house_id WHERE state = 1 and id in ( ? , ? , ? , ? ) order by a.create_time desc limit ?, ? 
2020-01-11 01:00:40.929  [http-nio-8084-exec-3] DEBUG [com.mooc.house.hsrv.mapper.HouseMapper.selectHouse:] [62f3df2bef7b81cb,79387fc99607f01e] - ==> Parameters: 28(Long), 31(Long), 26(Long), 29(Long), 0(Integer), 3(Integer)
2020-01-11 01:00:40.935  [http-nio-8084-exec-3] DEBUG [com.mooc.house.hsrv.mapper.HouseMapper.selectHouse:] [62f3df2bef7b81cb,79387fc99607f01e] - <==      Total: 1
2020-01-11 01:00:46.795  [http-nio-8084-exec-5] DEBUG [com.mooc.house.hsrv.mapper.HouseMapper.selectHouse:] [fe9f52f76fcae5ec,d1295f055879f37c] - ==>  Preparing: select a.id , a.type, a.name, a.price, a.images , a.area , a.beds , a.baths , a.rating , a.remarks , a.properties , a.floor_plan , a.tags , a.create_time , a.city_id , a.community_id , a.address, a.state, b.user_id from house a inner join ( select house_id,user_id from house_user WHERE type = 1 ) b on a.id = b.house_id WHERE state = 1 and a.id = ? order by a.create_time desc limit ?, ? 
2020-01-11 01:00:46.797  [http-nio-8084-exec-5] DEBUG [com.mooc.house.hsrv.mapper.HouseMapper.selectHouse:] [fe9f52f76fcae5ec,d1295f055879f37c] - ==> Parameters: 31(Long), 0(Integer), 1(Integer)
2020-01-11 01:00:46.802  [http-nio-8084-exec-5] DEBUG [com.mooc.house.hsrv.mapper.HouseMapper.selectHouse:] [fe9f52f76fcae5ec,d1295f055879f37c] - <==      Total: 1
2020-01-11 01:00:59.845  [http-nio-8084-exec-7] DEBUG [com.mooc.house.hsrv.mapper.HouseMapper.selectHouse:] [fb9414a912717fb6,8168d0bb420f2242] - ==>  Preparing: select a.id , a.type, a.name, a.price, a.images , a.area , a.beds , a.baths , a.rating , a.remarks , a.properties , a.floor_plan , a.tags , a.create_time , a.city_id , a.community_id , a.address, a.state, b.user_id from house a inner join ( select house_id,user_id from house_user WHERE type = 1 ) b on a.id = b.house_id WHERE state = 1 order by a.create_time desc limit ?, ? 
2020-01-11 01:00:59.849  [http-nio-8084-exec-7] DEBUG [com.mooc.house.hsrv.mapper.HouseMapper.selectHouse:] [fb9414a912717fb6,8168d0bb420f2242] - ==> Parameters: 0(Integer), 2(Integer)
2020-01-11 01:00:59.868  [http-nio-8084-exec-7] DEBUG [com.mooc.house.hsrv.mapper.HouseMapper.selectHouse:] [fb9414a912717fb6,8168d0bb420f2242] - <==      Total: 2
2020-01-11 01:00:59.875  [http-nio-8084-exec-7] DEBUG [com.mooc.house.hsrv.mapper.HouseMapper.selectHouseCount:] [fb9414a912717fb6,8168d0bb420f2242] - ==>  Preparing: select count(id) from house a inner join ( select house_id,user_id from house_user WHERE type = 1 ) b on a.id = b.house_id WHERE state = 1 
2020-01-11 01:00:59.877  [http-nio-8084-exec-7] DEBUG [com.mooc.house.hsrv.mapper.HouseMapper.selectHouseCount:] [fb9414a912717fb6,8168d0bb420f2242] - ==> Parameters: 
2020-01-11 01:00:59.879  [http-nio-8084-exec-7] DEBUG [com.mooc.house.hsrv.mapper.HouseMapper.selectHouseCount:] [fb9414a912717fb6,8168d0bb420f2242] - <==      Total: 1
2020-01-11 01:00:59.896  [http-nio-8084-exec-8] DEBUG [com.mooc.house.hsrv.mapper.HouseMapper.selectHouse:] [fb9414a912717fb6,26ac5bbb8311331b] - ==>  Preparing: select a.id , a.type, a.name, a.price, a.images , a.area , a.beds , a.baths , a.rating , a.remarks , a.properties , a.floor_plan , a.tags , a.create_time , a.city_id , a.community_id , a.address, a.state, b.user_id from house a inner join ( select house_id,user_id from house_user WHERE type = 1 ) b on a.id = b.house_id WHERE state = 1 and id in ( ? , ? , ? , ? ) order by a.create_time desc limit ?, ? 
2020-01-11 01:00:59.898  [http-nio-8084-exec-8] DEBUG [com.mooc.house.hsrv.mapper.HouseMapper.selectHouse:] [fb9414a912717fb6,26ac5bbb8311331b] - ==> Parameters: 31(Long), 28(Long), 26(Long), 29(Long), 0(Integer), 3(Integer)
2020-01-11 01:00:59.902  [http-nio-8084-exec-8] DEBUG [com.mooc.house.hsrv.mapper.HouseMapper.selectHouse:] [fb9414a912717fb6,26ac5bbb8311331b] - <==      Total: 1
2020-01-11 01:01:01.404  [http-nio-8084-exec-9] DEBUG [com.mooc.house.hsrv.mapper.HouseMapper.selectHouse:] [09e1d3b93c126201,8642812cbdea417d] - ==>  Preparing: select a.id , a.type, a.name, a.price, a.images , a.area , a.beds , a.baths , a.rating , a.remarks , a.properties , a.floor_plan , a.tags , a.create_time , a.city_id , a.community_id , a.address, a.state, b.user_id from house a inner join ( select house_id,user_id from house_user WHERE type = 1 ) b on a.id = b.house_id WHERE state = 1 and a.id = ? order by a.create_time desc limit ?, ? 
2020-01-11 01:01:01.407  [http-nio-8084-exec-9] DEBUG [com.mooc.house.hsrv.mapper.HouseMapper.selectHouse:] [09e1d3b93c126201,8642812cbdea417d] - ==> Parameters: 31(Long), 0(Integer), 1(Integer)
2020-01-11 01:01:01.413  [http-nio-8084-exec-9] DEBUG [com.mooc.house.hsrv.mapper.HouseMapper.selectHouse:] [09e1d3b93c126201,8642812cbdea417d] - <==      Total: 1
2020-01-11 01:01:04.025  [http-nio-8084-exec-10] DEBUG [com.mooc.house.hsrv.mapper.HouseMapper.selectHouse:] [462d1731ec776b4b,80de0e027d599a3a] - ==>  Preparing: select a.id , a.type, a.name, a.price, a.images , a.area , a.beds , a.baths , a.rating , a.remarks , a.properties , a.floor_plan , a.tags , a.create_time , a.city_id , a.community_id , a.address, a.state, b.user_id from house a inner join ( select house_id,user_id from house_user WHERE type = 1 ) b on a.id = b.house_id WHERE state = 1 order by a.create_time desc limit ?, ? 
2020-01-11 01:01:04.026  [http-nio-8084-exec-10] DEBUG [com.mooc.house.hsrv.mapper.HouseMapper.selectHouse:] [462d1731ec776b4b,80de0e027d599a3a] - ==> Parameters: 0(Integer), 2(Integer)
2020-01-11 01:01:04.032  [http-nio-8084-exec-10] DEBUG [com.mooc.house.hsrv.mapper.HouseMapper.selectHouse:] [462d1731ec776b4b,80de0e027d599a3a] - <==      Total: 2
2020-01-11 01:01:04.034  [http-nio-8084-exec-10] DEBUG [com.mooc.house.hsrv.mapper.HouseMapper.selectHouseCount:] [462d1731ec776b4b,80de0e027d599a3a] - ==>  Preparing: select count(id) from house a inner join ( select house_id,user_id from house_user WHERE type = 1 ) b on a.id = b.house_id WHERE state = 1 
2020-01-11 01:01:04.035  [http-nio-8084-exec-10] DEBUG [com.mooc.house.hsrv.mapper.HouseMapper.selectHouseCount:] [462d1731ec776b4b,80de0e027d599a3a] - ==> Parameters: 
2020-01-11 01:01:04.038  [http-nio-8084-exec-10] DEBUG [com.mooc.house.hsrv.mapper.HouseMapper.selectHouseCount:] [462d1731ec776b4b,80de0e027d599a3a] - <==      Total: 1
2020-01-11 01:01:04.056  [http-nio-8084-exec-1] DEBUG [com.mooc.house.hsrv.mapper.HouseMapper.selectHouse:] [462d1731ec776b4b,0a32cc354031dd83] - ==>  Preparing: select a.id , a.type, a.name, a.price, a.images , a.area , a.beds , a.baths , a.rating , a.remarks , a.properties , a.floor_plan , a.tags , a.create_time , a.city_id , a.community_id , a.address, a.state, b.user_id from house a inner join ( select house_id,user_id from house_user WHERE type = 1 ) b on a.id = b.house_id WHERE state = 1 and id in ( ? , ? , ? , ? ) order by a.create_time desc limit ?, ? 
2020-01-11 01:01:04.059  [http-nio-8084-exec-1] DEBUG [com.mooc.house.hsrv.mapper.HouseMapper.selectHouse:] [462d1731ec776b4b,0a32cc354031dd83] - ==> Parameters: 31(Long), 28(Long), 26(Long), 29(Long), 0(Integer), 3(Integer)
2020-01-11 01:01:04.064  [http-nio-8084-exec-1] DEBUG [com.mooc.house.hsrv.mapper.HouseMapper.selectHouse:] [462d1731ec776b4b,0a32cc354031dd83] - <==      Total: 1
2020-01-11 01:01:40.741  [http-nio-8084-exec-3] DEBUG [com.mooc.house.hsrv.mapper.HouseMapper.selectHouse:] [18e48f2506d5e086,f8d44647aee640a3] - ==>  Preparing: select a.id , a.type, a.name, a.price, a.images , a.area , a.beds , a.baths , a.rating , a.remarks , a.properties , a.floor_plan , a.tags , a.create_time , a.city_id , a.community_id , a.address, a.state, b.user_id from house a inner join ( select house_id,user_id from house_user WHERE type = 1 ) b on a.id = b.house_id WHERE state = 1 and a.id = ? order by a.create_time desc limit ?, ? 
2020-01-11 01:01:40.743  [http-nio-8084-exec-3] DEBUG [com.mooc.house.hsrv.mapper.HouseMapper.selectHouse:] [18e48f2506d5e086,f8d44647aee640a3] - ==> Parameters: 31(Long), 0(Integer), 1(Integer)
2020-01-11 01:01:40.749  [http-nio-8084-exec-3] DEBUG [com.mooc.house.hsrv.mapper.HouseMapper.selectHouse:] [18e48f2506d5e086,f8d44647aee640a3] - <==      Total: 1
2020-01-11 01:03:49.013  [http-nio-8084-exec-6] DEBUG [com.mooc.house.hsrv.mapper.HouseMapper.selectHouse:] [1c212c367a8a7c78,664ce2400a272fc9] - ==>  Preparing: select a.id , a.type, a.name, a.price, a.images , a.area , a.beds , a.baths , a.rating , a.remarks , a.properties , a.floor_plan , a.tags , a.create_time , a.city_id , a.community_id , a.address, a.state, b.user_id from house a inner join ( select house_id,user_id from house_user WHERE type = 1 ) b on a.id = b.house_id WHERE state = 1 and a.id = ? order by a.create_time desc limit ?, ? 
2020-01-11 01:03:49.018  [http-nio-8084-exec-6] DEBUG [com.mooc.house.hsrv.mapper.HouseMapper.selectHouse:] [1c212c367a8a7c78,664ce2400a272fc9] - ==> Parameters: 31(Long), 0(Integer), 1(Integer)
2020-01-11 01:03:49.027  [http-nio-8084-exec-6] DEBUG [com.mooc.house.hsrv.mapper.HouseMapper.selectHouse:] [1c212c367a8a7c78,664ce2400a272fc9] - <==      Total: 1
2020-01-11 01:03:51.049  [http-nio-8084-exec-7] DEBUG [com.mooc.house.hsrv.mapper.HouseMapper.selectHouse:] [06e64dd487ba06ca,9b761d296244937d] - ==>  Preparing: select a.id , a.type, a.name, a.price, a.images , a.area , a.beds , a.baths , a.rating , a.remarks , a.properties , a.floor_plan , a.tags , a.create_time , a.city_id , a.community_id , a.address, a.state, b.user_id from house a inner join ( select house_id,user_id from house_user WHERE type = 1 ) b on a.id = b.house_id WHERE state = 1 and a.id = ? order by a.create_time desc limit ?, ? 
2020-01-11 01:03:51.051  [http-nio-8084-exec-7] DEBUG [com.mooc.house.hsrv.mapper.HouseMapper.selectHouse:] [06e64dd487ba06ca,9b761d296244937d] - ==> Parameters: 31(Long), 0(Integer), 1(Integer)
2020-01-11 01:03:51.060  [http-nio-8084-exec-7] DEBUG [com.mooc.house.hsrv.mapper.HouseMapper.selectHouse:] [06e64dd487ba06ca,9b761d296244937d] - <==      Total: 1
2020-01-11 01:03:52.263  [http-nio-8084-exec-8] DEBUG [com.mooc.house.hsrv.mapper.HouseMapper.selectHouse:] [e4d8db03d2dc5a5f,79c62593da47809d] - ==>  Preparing: select a.id , a.type, a.name, a.price, a.images , a.area , a.beds , a.baths , a.rating , a.remarks , a.properties , a.floor_plan , a.tags , a.create_time , a.city_id , a.community_id , a.address, a.state, b.user_id from house a inner join ( select house_id,user_id from house_user WHERE type = 1 ) b on a.id = b.house_id WHERE state = 1 and a.id = ? order by a.create_time desc limit ?, ? 
2020-01-11 01:03:52.266  [http-nio-8084-exec-8] DEBUG [com.mooc.house.hsrv.mapper.HouseMapper.selectHouse:] [e4d8db03d2dc5a5f,79c62593da47809d] - ==> Parameters: 31(Long), 0(Integer), 1(Integer)
2020-01-11 01:03:52.275  [http-nio-8084-exec-8] DEBUG [com.mooc.house.hsrv.mapper.HouseMapper.selectHouse:] [e4d8db03d2dc5a5f,79c62593da47809d] - <==      Total: 1
2020-01-11 01:05:21.183  [http-nio-8084-exec-10] DEBUG [com.mooc.house.hsrv.mapper.HouseMapper.selectHouse:] [3b96df355f150cc4,ae325802a178b9fb] - ==>  Preparing: select a.id , a.type, a.name, a.price, a.images , a.area , a.beds , a.baths , a.rating , a.remarks , a.properties , a.floor_plan , a.tags , a.create_time , a.city_id , a.community_id , a.address, a.state, b.user_id from house a inner join ( select house_id,user_id from house_user WHERE type = 1 ) b on a.id = b.house_id WHERE state = 1 and a.id = ? order by a.create_time desc limit ?, ? 
2020-01-11 01:05:21.185  [http-nio-8084-exec-10] DEBUG [com.mooc.house.hsrv.mapper.HouseMapper.selectHouse:] [3b96df355f150cc4,ae325802a178b9fb] - ==> Parameters: 31(Long), 0(Integer), 1(Integer)
2020-01-11 01:05:21.189  [http-nio-8084-exec-10] DEBUG [com.mooc.house.hsrv.mapper.HouseMapper.selectHouse:] [3b96df355f150cc4,ae325802a178b9fb] - <==      Total: 1
2020-01-11 01:05:22.671  [http-nio-8084-exec-1] DEBUG [com.mooc.house.hsrv.mapper.HouseMapper.selectHouse:] [3b96df355f150cc4,497f637261af0512] - ==>  Preparing: select a.id , a.type, a.name, a.price, a.images , a.area , a.beds , a.baths , a.rating , a.remarks , a.properties , a.floor_plan , a.tags , a.create_time , a.city_id , a.community_id , a.address, a.state, b.user_id from house a inner join ( select house_id,user_id from house_user WHERE type = 1 ) b on a.id = b.house_id WHERE state = 1 and id in ( ? , ? , ? , ? ) order by a.create_time desc limit ?, ? 
2020-01-11 01:05:22.673  [http-nio-8084-exec-1] DEBUG [com.mooc.house.hsrv.mapper.HouseMapper.selectHouse:] [3b96df355f150cc4,497f637261af0512] - ==> Parameters: 31(Long), 28(Long), 26(Long), 29(Long), 0(Integer), 3(Integer)
2020-01-11 01:05:22.676  [http-nio-8084-exec-1] DEBUG [com.mooc.house.hsrv.mapper.HouseMapper.selectHouse:] [3b96df355f150cc4,497f637261af0512] - <==      Total: 1
2020-01-11 01:05:35.589  [http-nio-8084-exec-3] DEBUG [com.mooc.house.hsrv.mapper.HouseMapper.selectHouse:] [a75beda34cbde44f,5c6a1e7fffc0c0ad] - ==>  Preparing: select a.id , a.type, a.name, a.price, a.images , a.area , a.beds , a.baths , a.rating , a.remarks , a.properties , a.floor_plan , a.tags , a.create_time , a.city_id , a.community_id , a.address, a.state, b.user_id from house a inner join ( select house_id,user_id from house_user WHERE type = 1 ) b on a.id = b.house_id WHERE state = 1 and id in ( ? , ? , ? , ? ) order by a.create_time desc limit ?, ? 
2020-01-11 01:05:35.592  [http-nio-8084-exec-3] DEBUG [com.mooc.house.hsrv.mapper.HouseMapper.selectHouse:] [a75beda34cbde44f,5c6a1e7fffc0c0ad] - ==> Parameters: 31(Long), 28(Long), 26(Long), 29(Long), 0(Integer), 3(Integer)
2020-01-11 01:05:35.598  [http-nio-8084-exec-3] DEBUG [com.mooc.house.hsrv.mapper.HouseMapper.selectHouse:] [a75beda34cbde44f,5c6a1e7fffc0c0ad] - <==      Total: 1
2020-01-11 01:05:38.298  [http-nio-8084-exec-4] DEBUG [com.mooc.house.hsrv.mapper.HouseMapper.selectHouse:] [3ff56c2298cfffef,5de1308b583a9fd7] - ==>  Preparing: select a.id , a.type, a.name, a.price, a.images , a.area , a.beds , a.baths , a.rating , a.remarks , a.properties , a.floor_plan , a.tags , a.create_time , a.city_id , a.community_id , a.address, a.state, b.user_id from house a inner join ( select house_id,user_id from house_user WHERE type = 1 ) b on a.id = b.house_id WHERE state = 1 and id in ( ? , ? , ? , ? ) order by a.create_time desc limit ?, ? 
2020-01-11 01:05:38.300  [http-nio-8084-exec-4] DEBUG [com.mooc.house.hsrv.mapper.HouseMapper.selectHouse:] [3ff56c2298cfffef,5de1308b583a9fd7] - ==> Parameters: 31(Long), 28(Long), 26(Long), 29(Long), 0(Integer), 3(Integer)
2020-01-11 01:05:38.303  [http-nio-8084-exec-4] DEBUG [com.mooc.house.hsrv.mapper.HouseMapper.selectHouse:] [3ff56c2298cfffef,5de1308b583a9fd7] - <==      Total: 1
