2020-01-11 00:20:53.220  [http-nio-8083-exec-2] DEBUG [com.mooc.house.user.mapper.AgencyMapper.select:] [d9aa1bfeaf6bdd6c,36de4e0e6722f1d6] - ==>  Preparing: select id, name , address , phone , email , about_us , mobile , web_site from agency 
2020-01-11 00:20:53.308  [http-nio-8083-exec-2] DEBUG [com.mooc.house.user.mapper.AgencyMapper.select:] [d9aa1bfeaf6bdd6c,36de4e0e6722f1d6] - ==> Parameters: 
2020-01-11 00:20:53.335  [http-nio-8083-exec-2] DEBUG [com.mooc.house.user.mapper.AgencyMapper.select:] [d9aa1bfeaf6bdd6c,36de4e0e6722f1d6] - <==      Total: 4
2020-01-11 00:21:32.168  [http-nio-8083-exec-4] DEBUG [com.mooc.house.user.mapper.UserMapper.select:] [9c3d8901690b1e42,da679c040ca73a75] - ==>  Preparing: select id, name, phone, email, aboutme, passwd, avatar, type, create_time, enable, agency_id from user WHERE email = ? 
2020-01-11 00:21:32.181  [http-nio-8083-exec-4] DEBUG [com.mooc.house.user.mapper.UserMapper.select:] [9c3d8901690b1e42,da679c040ca73a75] - ==> Parameters: 18292059068@163.com(String)
2020-01-11 00:21:32.185  [http-nio-8083-exec-4] DEBUG [com.mooc.house.user.mapper.UserMapper.select:] [9c3d8901690b1e42,da679c040ca73a75] - <==      Total: 0
2020-01-11 00:21:32.446  [http-nio-8083-exec-5] DEBUG [com.mooc.house.user.mapper.UserMapper.insert:] [9c3d8901690b1e42,4eb6aa5aab1a441e] - ==>  Preparing: insert into user ( name, phone, email, aboutme, passwd, avatar, type, create_time, enable ) values( ?, ?, ?, ?, ?, ?, ?, ?, ? ) 
2020-01-11 00:21:32.455  [http-nio-8083-exec-5] DEBUG [com.mooc.house.user.mapper.UserMapper.insert:] [9c3d8901690b1e42,4eb6aa5aab1a441e] - ==> Parameters: test3(String), 89265854968(String), 18292059068@163.com(String), fff(String), 85ee2b4734956fecb94d331b725d391a(String), /1578673292/masonry-03.jpg(String), 1(Integer), 2020-01-11 00:21:32.375(Timestamp), 0(Integer)
2020-01-11 00:21:32.461  [http-nio-8083-exec-5] DEBUG [com.mooc.house.user.mapper.UserMapper.insert:] [9c3d8901690b1e42,4eb6aa5aab1a441e] - <==    Updates: 1
2020-01-11 00:22:23.034  [http-nio-8083-exec-2] DEBUG [com.mooc.house.user.mapper.UserMapper.select:] [6395918226fd2f56,290bbe284a6a6ab6] - ==>  Preparing: select id, name, phone, email, aboutme, passwd, avatar, type, create_time, enable, agency_id from user WHERE email = ? and passwd = ? and enable = ? 
2020-01-11 00:22:23.036  [http-nio-8083-exec-2] DEBUG [com.mooc.house.user.mapper.UserMapper.select:] [6395918226fd2f56,290bbe284a6a6ab6] - ==> Parameters: 18292059068@163.com(String), 85ee2b4734956fecb94d331b725d391a(String), 1(Integer)
2020-01-11 00:22:23.042  [http-nio-8083-exec-2] DEBUG [com.mooc.house.user.mapper.UserMapper.select:] [6395918226fd2f56,290bbe284a6a6ab6] - <==      Total: 0
2020-01-11 00:22:29.900  [http-nio-8083-exec-5] DEBUG [com.mooc.house.user.mapper.UserMapper.select:] [a30c678ff4f7664b,f7e0b7296b21fee9] - ==>  Preparing: select id, name, phone, email, aboutme, passwd, avatar, type, create_time, enable, agency_id from user WHERE email = ? and passwd = ? and enable = ? 
2020-01-11 00:22:29.902  [http-nio-8083-exec-5] DEBUG [com.mooc.house.user.mapper.UserMapper.select:] [a30c678ff4f7664b,f7e0b7296b21fee9] - ==> Parameters: 18292059068@163.com(String), 85ee2b4734956fecb94d331b725d391a(String), 1(Integer)
2020-01-11 00:22:29.907  [http-nio-8083-exec-5] DEBUG [com.mooc.house.user.mapper.UserMapper.select:] [a30c678ff4f7664b,f7e0b7296b21fee9] - <==      Total: 0
2020-01-11 00:22:45.553  [http-nio-8083-exec-8] DEBUG [com.mooc.house.user.mapper.UserMapper.select:] [f62d32bd3720cbcc,04f5dd626e250b36] - ==>  Preparing: select id, name, phone, email, aboutme, passwd, avatar, type, create_time, enable, agency_id from user WHERE email = ? and passwd = ? and enable = ? 
2020-01-11 00:22:45.556  [http-nio-8083-exec-8] DEBUG [com.mooc.house.user.mapper.UserMapper.select:] [f62d32bd3720cbcc,04f5dd626e250b36] - ==> Parameters: 18292059068@163.com(String), 85ee2b4734956fecb94d331b725d391a(String), 1(Integer)
2020-01-11 00:22:45.558  [http-nio-8083-exec-8] DEBUG [com.mooc.house.user.mapper.UserMapper.select:] [f62d32bd3720cbcc,04f5dd626e250b36] - <==      Total: 0
2020-01-11 00:22:52.303  [http-nio-8083-exec-1] DEBUG [com.mooc.house.user.mapper.UserMapper.select:] [0a58d398b92f3459,acf9b63c7c68234d] - ==>  Preparing: select id, name, phone, email, aboutme, passwd, avatar, type, create_time, enable, agency_id from user WHERE email = ? and passwd = ? and enable = ? 
2020-01-11 00:22:52.308  [http-nio-8083-exec-1] DEBUG [com.mooc.house.user.mapper.UserMapper.select:] [0a58d398b92f3459,acf9b63c7c68234d] - ==> Parameters: 18292059068@163.com(String), 85ee2b4734956fecb94d331b725d391a(String), 1(Integer)
2020-01-11 00:22:52.312  [http-nio-8083-exec-1] DEBUG [com.mooc.house.user.mapper.UserMapper.select:] [0a58d398b92f3459,acf9b63c7c68234d] - <==      Total: 0
2020-01-11 00:28:07.743  [http-nio-8083-exec-4] DEBUG [com.mooc.house.user.mapper.AgencyMapper.select:] [f2ddd9a42693a9f2,b6f0c65fd582a67f] - ==>  Preparing: select id, name , address , phone , email , about_us , mobile , web_site from agency 
2020-01-11 00:28:07.838  [http-nio-8083-exec-4] DEBUG [com.mooc.house.user.mapper.AgencyMapper.select:] [f2ddd9a42693a9f2,b6f0c65fd582a67f] - ==> Parameters: 
2020-01-11 00:28:07.870  [http-nio-8083-exec-4] DEBUG [com.mooc.house.user.mapper.AgencyMapper.select:] [f2ddd9a42693a9f2,b6f0c65fd582a67f] - <==      Total: 4
2020-01-11 00:28:37.461  [http-nio-8083-exec-6] DEBUG [com.mooc.house.user.mapper.UserMapper.select:] [a845cac846945cd6,5b52cd499b4abb7e] - ==>  Preparing: select id, name, phone, email, aboutme, passwd, avatar, type, create_time, enable, agency_id from user WHERE email = ? 
2020-01-11 00:28:37.468  [http-nio-8083-exec-6] DEBUG [com.mooc.house.user.mapper.UserMapper.select:] [a845cac846945cd6,5b52cd499b4abb7e] - ==> Parameters: 18292059068@163.com(String)
2020-01-11 00:28:37.470  [http-nio-8083-exec-6] DEBUG [com.mooc.house.user.mapper.UserMapper.select:] [a845cac846945cd6,5b52cd499b4abb7e] - <==      Total: 0
2020-01-11 00:28:37.683  [http-nio-8083-exec-7] DEBUG [com.mooc.house.user.mapper.UserMapper.insert:] [a845cac846945cd6,9a7f4902a9f6ccdc] - ==>  Preparing: insert into user ( name, phone, email, aboutme, passwd, avatar, type, create_time, enable ) values( ?, ?, ?, ?, ?, ?, ?, ?, ? ) 
2020-01-11 00:28:37.693  [http-nio-8083-exec-7] DEBUG [com.mooc.house.user.mapper.UserMapper.insert:] [a845cac846945cd6,9a7f4902a9f6ccdc] - ==> Parameters: test3(String), 89265854968(String), 18292059068@163.com(String), fff(String), 85ee2b4734956fecb94d331b725d391a(String), /1578673717/thumb-property-01.jpg(String), 1(Integer), 2020-01-11 00:28:37.602(Timestamp), 0(Integer)
2020-01-11 00:28:37.699  [http-nio-8083-exec-7] DEBUG [com.mooc.house.user.mapper.UserMapper.insert:] [a845cac846945cd6,9a7f4902a9f6ccdc] - <==    Updates: 1
2020-01-11 00:28:56.963  [http-nio-8083-exec-9] DEBUG [com.mooc.house.user.mapper.UserMapper.update:] [26ffd5a8250602cf,05b7e172a1c7115d] - ==>  Preparing: update user SET enable = ? where email = ? 
2020-01-11 00:28:56.969  [http-nio-8083-exec-9] DEBUG [com.mooc.house.user.mapper.UserMapper.update:] [26ffd5a8250602cf,05b7e172a1c7115d] - ==> Parameters: 1(Integer), 18292059068@163.com(String)
2020-01-11 00:28:56.974  [http-nio-8083-exec-9] DEBUG [com.mooc.house.user.mapper.UserMapper.update:] [26ffd5a8250602cf,05b7e172a1c7115d] - <==    Updates: 1
2020-01-11 00:29:12.185  [http-nio-8083-exec-3] DEBUG [com.mooc.house.user.mapper.UserMapper.select:] [7bba31ac96e6385d,1cc66662a85a401b] - ==>  Preparing: select id, name, phone, email, aboutme, passwd, avatar, type, create_time, enable, agency_id from user WHERE email = ? and passwd = ? and enable = ? 
2020-01-11 00:29:12.187  [http-nio-8083-exec-3] DEBUG [com.mooc.house.user.mapper.UserMapper.select:] [7bba31ac96e6385d,1cc66662a85a401b] - ==> Parameters: 18292059068@163.com(String), 85ee2b4734956fecb94d331b725d391a(String), 1(Integer)
2020-01-11 00:29:12.195  [http-nio-8083-exec-3] DEBUG [com.mooc.house.user.mapper.UserMapper.select:] [7bba31ac96e6385d,1cc66662a85a401b] - <==      Total: 1
2020-01-11 00:29:12.274  [http-nio-8083-exec-4] DEBUG [com.mooc.house.user.mapper.UserMapper.select:] [acfbcad384d216c7,17eaf34ce35e9688] - ==>  Preparing: select id, name, phone, email, aboutme, passwd, avatar, type, create_time, enable, agency_id from user WHERE email = ? 
2020-01-11 00:29:12.275  [http-nio-8083-exec-4] DEBUG [com.mooc.house.user.mapper.UserMapper.select:] [acfbcad384d216c7,17eaf34ce35e9688] - ==> Parameters: 18292059068@163.com(String)
2020-01-11 00:29:12.278  [http-nio-8083-exec-4] DEBUG [com.mooc.house.user.mapper.UserMapper.select:] [acfbcad384d216c7,17eaf34ce35e9688] - <==      Total: 1
2020-01-11 00:40:17.277  [http-nio-8083-exec-1] DEBUG [com.mooc.house.user.mapper.UserMapper.select:] [650b0dcae4c6f60c,aa7a77f0a43fd627] - ==>  Preparing: select id, name, phone, email, aboutme, passwd, avatar, type, create_time, enable, agency_id from user WHERE email = ? 
2020-01-11 00:40:17.341  [http-nio-8083-exec-1] DEBUG [com.mooc.house.user.mapper.UserMapper.select:] [650b0dcae4c6f60c,aa7a77f0a43fd627] - ==> Parameters: 18292059068@163.com(String)
2020-01-11 00:40:17.375  [http-nio-8083-exec-1] DEBUG [com.mooc.house.user.mapper.UserMapper.select:] [650b0dcae4c6f60c,aa7a77f0a43fd627] - <==      Total: 1
2020-01-11 00:40:17.512  [http-nio-8083-exec-2] DEBUG [com.mooc.house.user.mapper.UserMapper.select:] [650b0dcae4c6f60c,d0d9f13849f2db74] - ==>  Preparing: select id, name, phone, email, aboutme, passwd, avatar, type, create_time, enable, agency_id from user WHERE email = ? and passwd = ? and enable = ? 
2020-01-11 00:40:17.516  [http-nio-8083-exec-2] DEBUG [com.mooc.house.user.mapper.UserMapper.select:] [650b0dcae4c6f60c,d0d9f13849f2db74] - ==> Parameters: 18292059068@163.com(String), 85ee2b4734956fecb94d331b725d391a(String), 1(Integer)
2020-01-11 00:40:17.526  [http-nio-8083-exec-2] DEBUG [com.mooc.house.user.mapper.UserMapper.select:] [650b0dcae4c6f60c,d0d9f13849f2db74] - <==      Total: 1
2020-01-11 00:40:17.618  [http-nio-8083-exec-3] DEBUG [com.mooc.house.user.mapper.UserMapper.select:] [8bf2adeafdc70650,9887336e909079fd] - ==>  Preparing: select id, name, phone, email, aboutme, passwd, avatar, type, create_time, enable, agency_id from user WHERE email = ? 
2020-01-11 00:40:17.619  [http-nio-8083-exec-3] DEBUG [com.mooc.house.user.mapper.UserMapper.select:] [8bf2adeafdc70650,9887336e909079fd] - ==> Parameters: 18292059068@163.com(String)
2020-01-11 00:40:17.627  [http-nio-8083-exec-3] DEBUG [com.mooc.house.user.mapper.UserMapper.select:] [8bf2adeafdc70650,9887336e909079fd] - <==      Total: 1
2020-01-11 00:40:20.793  [http-nio-8083-exec-4] DEBUG [com.mooc.house.user.mapper.UserMapper.select:] [a6da2b0073945614,e9c07d772b3f42ee] - ==>  Preparing: select id, name, phone, email, aboutme, passwd, avatar, type, create_time, enable, agency_id from user WHERE email = ? 
2020-01-11 00:40:20.795  [http-nio-8083-exec-4] DEBUG [com.mooc.house.user.mapper.UserMapper.select:] [a6da2b0073945614,e9c07d772b3f42ee] - ==> Parameters: 18292059068@163.com(String)
2020-01-11 00:40:20.798  [http-nio-8083-exec-4] DEBUG [com.mooc.house.user.mapper.UserMapper.select:] [a6da2b0073945614,e9c07d772b3f42ee] - <==      Total: 1
2020-01-11 00:40:20.841  [http-nio-8083-exec-5] DEBUG [com.mooc.house.user.mapper.AgencyMapper.select:] [a6da2b0073945614,e3a85ef3068234a2] - ==>  Preparing: select id, name , address , phone , email , about_us , mobile , web_site from agency 
2020-01-11 00:40:20.843  [http-nio-8083-exec-5] DEBUG [com.mooc.house.user.mapper.AgencyMapper.select:] [a6da2b0073945614,e3a85ef3068234a2] - ==> Parameters: 
2020-01-11 00:40:20.849  [http-nio-8083-exec-5] DEBUG [com.mooc.house.user.mapper.AgencyMapper.select:] [a6da2b0073945614,e3a85ef3068234a2] - <==      Total: 4
2020-01-11 00:43:39.204  [http-nio-8083-exec-1] DEBUG [com.mooc.house.user.mapper.UserMapper.select:] [06cc4d3170b91567,a07a65cd6e95440a] - ==>  Preparing: select id, name, phone, email, aboutme, passwd, avatar, type, create_time, enable, agency_id from user WHERE email = ? 
2020-01-11 00:43:39.272  [http-nio-8083-exec-1] DEBUG [com.mooc.house.user.mapper.UserMapper.select:] [06cc4d3170b91567,a07a65cd6e95440a] - ==> Parameters: 18292059068@163.com(String)
2020-01-11 00:43:39.307  [http-nio-8083-exec-1] DEBUG [com.mooc.house.user.mapper.UserMapper.select:] [06cc4d3170b91567,a07a65cd6e95440a] - <==      Total: 1
2020-01-11 00:43:39.443  [http-nio-8083-exec-2] DEBUG [com.mooc.house.user.mapper.UserMapper.select:] [06cc4d3170b91567,aff95ad8396f0687] - ==>  Preparing: select id, name, phone, email, aboutme, passwd, avatar, type, create_time, enable, agency_id from user WHERE email = ? and passwd = ? and enable = ? 
2020-01-11 00:43:39.446  [http-nio-8083-exec-2] DEBUG [com.mooc.house.user.mapper.UserMapper.select:] [06cc4d3170b91567,aff95ad8396f0687] - ==> Parameters: 18292059068@163.com(String), 85ee2b4734956fecb94d331b725d391a(String), 1(Integer)
2020-01-11 00:43:39.451  [http-nio-8083-exec-2] DEBUG [com.mooc.house.user.mapper.UserMapper.select:] [06cc4d3170b91567,aff95ad8396f0687] - <==      Total: 1
2020-01-11 00:43:39.518  [http-nio-8083-exec-3] DEBUG [com.mooc.house.user.mapper.UserMapper.select:] [e7be81e18da6ce01,915235d212713db3] - ==>  Preparing: select id, name, phone, email, aboutme, passwd, avatar, type, create_time, enable, agency_id from user WHERE email = ? 
2020-01-11 00:43:39.519  [http-nio-8083-exec-3] DEBUG [com.mooc.house.user.mapper.UserMapper.select:] [e7be81e18da6ce01,915235d212713db3] - ==> Parameters: 18292059068@163.com(String)
2020-01-11 00:43:39.523  [http-nio-8083-exec-3] DEBUG [com.mooc.house.user.mapper.UserMapper.select:] [e7be81e18da6ce01,915235d212713db3] - <==      Total: 1
2020-01-11 00:43:47.041  [http-nio-8083-exec-4] DEBUG [com.mooc.house.user.mapper.UserMapper.select:] [5217dfa6eead0591,ce6d7fda95f2d2f3] - ==>  Preparing: select id, name, phone, email, aboutme, passwd, avatar, type, create_time, enable, agency_id from user WHERE email = ? 
2020-01-11 00:43:47.043  [http-nio-8083-exec-4] DEBUG [com.mooc.house.user.mapper.UserMapper.select:] [5217dfa6eead0591,ce6d7fda95f2d2f3] - ==> Parameters: 18292059068@163.com(String)
2020-01-11 00:43:47.050  [http-nio-8083-exec-4] DEBUG [com.mooc.house.user.mapper.UserMapper.select:] [5217dfa6eead0591,ce6d7fda95f2d2f3] - <==      Total: 1
2020-01-11 00:44:22.018  [http-nio-8083-exec-5] DEBUG [com.mooc.house.user.mapper.UserMapper.select:] [4c7ce9f9aedc8b49,564b5b9bec2714fe] - ==>  Preparing: select id, name, phone, email, aboutme, passwd, avatar, type, create_time, enable, agency_id from user WHERE email = ? 
2020-01-11 00:44:22.020  [http-nio-8083-exec-5] DEBUG [com.mooc.house.user.mapper.UserMapper.select:] [4c7ce9f9aedc8b49,564b5b9bec2714fe] - ==> Parameters: 18292059068@163.com(String)
2020-01-11 00:44:22.026  [http-nio-8083-exec-5] DEBUG [com.mooc.house.user.mapper.UserMapper.select:] [4c7ce9f9aedc8b49,564b5b9bec2714fe] - <==      Total: 1
2020-01-11 00:44:30.637  [http-nio-8083-exec-6] DEBUG [com.mooc.house.user.mapper.UserMapper.select:] [750033eaacfef70e,1fce0d93f31570db] - ==>  Preparing: select id, name, phone, email, aboutme, passwd, avatar, type, create_time, enable, agency_id from user WHERE email = ? 
2020-01-11 00:44:30.639  [http-nio-8083-exec-6] DEBUG [com.mooc.house.user.mapper.UserMapper.select:] [750033eaacfef70e,1fce0d93f31570db] - ==> Parameters: 18292059068@163.com(String)
2020-01-11 00:44:30.646  [http-nio-8083-exec-6] DEBUG [com.mooc.house.user.mapper.UserMapper.select:] [750033eaacfef70e,1fce0d93f31570db] - <==      Total: 1
2020-01-11 00:44:32.715  [http-nio-8083-exec-7] DEBUG [com.mooc.house.user.mapper.UserMapper.select:] [4b56de5df24c33b8,e92ceb00e2009884] - ==>  Preparing: select id, name, phone, email, aboutme, passwd, avatar, type, create_time, enable, agency_id from user WHERE email = ? 
2020-01-11 00:44:32.717  [http-nio-8083-exec-7] DEBUG [com.mooc.house.user.mapper.UserMapper.select:] [4b56de5df24c33b8,e92ceb00e2009884] - ==> Parameters: 18292059068@163.com(String)
2020-01-11 00:44:32.721  [http-nio-8083-exec-7] DEBUG [com.mooc.house.user.mapper.UserMapper.select:] [4b56de5df24c33b8,e92ceb00e2009884] - <==      Total: 1
2020-01-11 00:44:34.042  [http-nio-8083-exec-8] DEBUG [com.mooc.house.user.mapper.UserMapper.select:] [c56a174e4561458a,897a9bc8a99a6b1c] - ==>  Preparing: select id, name, phone, email, aboutme, passwd, avatar, type, create_time, enable, agency_id from user WHERE email = ? 
2020-01-11 00:44:34.043  [http-nio-8083-exec-8] DEBUG [com.mooc.house.user.mapper.UserMapper.select:] [c56a174e4561458a,897a9bc8a99a6b1c] - ==> Parameters: 18292059068@163.com(String)
2020-01-11 00:44:34.050  [http-nio-8083-exec-8] DEBUG [com.mooc.house.user.mapper.UserMapper.select:] [c56a174e4561458a,897a9bc8a99a6b1c] - <==      Total: 1
2020-01-11 00:44:36.571  [http-nio-8083-exec-9] DEBUG [com.mooc.house.user.mapper.UserMapper.select:] [74b7a5e6cfdf97ad,9f6beb9220b50e8f] - ==>  Preparing: select id, name, phone, email, aboutme, passwd, avatar, type, create_time, enable, agency_id from user WHERE email = ? 
2020-01-11 00:44:36.572  [http-nio-8083-exec-9] DEBUG [com.mooc.house.user.mapper.UserMapper.select:] [74b7a5e6cfdf97ad,9f6beb9220b50e8f] - ==> Parameters: 18292059068@163.com(String)
2020-01-11 00:44:36.578  [http-nio-8083-exec-9] DEBUG [com.mooc.house.user.mapper.UserMapper.select:] [74b7a5e6cfdf97ad,9f6beb9220b50e8f] - <==      Total: 1
2020-01-11 00:44:39.693  [http-nio-8083-exec-10] DEBUG [com.mooc.house.user.mapper.UserMapper.select:] [8a8572ea4067032b,d7047fb2ec782a01] - ==>  Preparing: select id, name, phone, email, aboutme, passwd, avatar, type, create_time, enable, agency_id from user WHERE email = ? 
2020-01-11 00:44:39.694  [http-nio-8083-exec-10] DEBUG [com.mooc.house.user.mapper.UserMapper.select:] [8a8572ea4067032b,d7047fb2ec782a01] - ==> Parameters: 18292059068@163.com(String)
2020-01-11 00:44:39.699  [http-nio-8083-exec-10] DEBUG [com.mooc.house.user.mapper.UserMapper.select:] [8a8572ea4067032b,d7047fb2ec782a01] - <==      Total: 1
2020-01-11 00:48:27.335  [http-nio-8083-exec-2] DEBUG [com.mooc.house.user.mapper.UserMapper.select:] [3addb0b1bf6b0e9b,969fcbcac7c0f61d] - ==>  Preparing: select id, name, phone, email, aboutme, passwd, avatar, type, create_time, enable, agency_id from user WHERE email = ? 
2020-01-11 00:48:27.337  [http-nio-8083-exec-2] DEBUG [com.mooc.house.user.mapper.UserMapper.select:] [3addb0b1bf6b0e9b,969fcbcac7c0f61d] - ==> Parameters: 18292059068@163.com(String)
2020-01-11 00:48:27.344  [http-nio-8083-exec-2] DEBUG [com.mooc.house.user.mapper.UserMapper.select:] [3addb0b1bf6b0e9b,969fcbcac7c0f61d] - <==      Total: 1
2020-01-11 00:48:31.331  [http-nio-8083-exec-3] DEBUG [com.mooc.house.user.mapper.UserMapper.select:] [2b1f5e0616b4827f,d0156b36a616d78f] - ==>  Preparing: select id, name, phone, email, aboutme, passwd, avatar, type, create_time, enable, agency_id from user WHERE email = ? 
2020-01-11 00:48:31.334  [http-nio-8083-exec-3] DEBUG [com.mooc.house.user.mapper.UserMapper.select:] [2b1f5e0616b4827f,d0156b36a616d78f] - ==> Parameters: 18292059068@163.com(String)
2020-01-11 00:48:31.339  [http-nio-8083-exec-3] DEBUG [com.mooc.house.user.mapper.UserMapper.select:] [2b1f5e0616b4827f,d0156b36a616d78f] - <==      Total: 1
2020-01-11 00:48:31.380  [http-nio-8083-exec-4] DEBUG [com.mooc.house.user.mapper.AgencyMapper.select:] [2b1f5e0616b4827f,7afd6b761fedd74a] - ==>  Preparing: select id, name , address , phone , email , about_us , mobile , web_site from agency 
2020-01-11 00:48:31.381  [http-nio-8083-exec-4] DEBUG [com.mooc.house.user.mapper.AgencyMapper.select:] [2b1f5e0616b4827f,7afd6b761fedd74a] - ==> Parameters: 
2020-01-11 00:48:31.388  [http-nio-8083-exec-4] DEBUG [com.mooc.house.user.mapper.AgencyMapper.select:] [2b1f5e0616b4827f,7afd6b761fedd74a] - <==      Total: 4
2020-01-11 00:48:33.960  [http-nio-8083-exec-5] DEBUG [com.mooc.house.user.mapper.UserMapper.select:] [767a8c327debdc67,b6906afcd0d15a31] - ==>  Preparing: select id, name, phone, email, aboutme, passwd, avatar, type, create_time, enable, agency_id from user WHERE email = ? 
2020-01-11 00:48:33.962  [http-nio-8083-exec-5] DEBUG [com.mooc.house.user.mapper.UserMapper.select:] [767a8c327debdc67,b6906afcd0d15a31] - ==> Parameters: 18292059068@163.com(String)
2020-01-11 00:48:33.966  [http-nio-8083-exec-5] DEBUG [com.mooc.house.user.mapper.UserMapper.select:] [767a8c327debdc67,b6906afcd0d15a31] - <==      Total: 1
2020-01-11 00:56:33.979  [http-nio-8083-exec-7] DEBUG [com.mooc.house.user.mapper.UserMapper.select:] [c06dd0e23b3dab87,2eb29c39287386ff] - ==>  Preparing: select id, name, phone, email, aboutme, passwd, avatar, type, create_time, enable, agency_id from user WHERE email = ? 
2020-01-11 00:56:33.980  [http-nio-8083-exec-7] DEBUG [com.mooc.house.user.mapper.UserMapper.select:] [c06dd0e23b3dab87,2eb29c39287386ff] - ==> Parameters: 18292059068@163.com(String)
2020-01-11 00:56:33.984  [http-nio-8083-exec-7] DEBUG [com.mooc.house.user.mapper.UserMapper.select:] [c06dd0e23b3dab87,2eb29c39287386ff] - <==      Total: 1
2020-01-11 00:59:03.375  [http-nio-8083-exec-9] DEBUG [com.mooc.house.user.mapper.UserMapper.select:] [5c8217ad719eff39,0f87199bee80bb4b] - ==>  Preparing: select id, name, phone, email, aboutme, passwd, avatar, type, create_time, enable, agency_id from user WHERE email = ? 
2020-01-11 00:59:03.381  [http-nio-8083-exec-9] DEBUG [com.mooc.house.user.mapper.UserMapper.select:] [5c8217ad719eff39,0f87199bee80bb4b] - ==> Parameters: 18292059068@163.com(String)
2020-01-11 00:59:03.393  [http-nio-8083-exec-9] DEBUG [com.mooc.house.user.mapper.UserMapper.select:] [5c8217ad719eff39,0f87199bee80bb4b] - <==      Total: 1
2020-01-11 00:59:12.066  [http-nio-8083-exec-10] DEBUG [com.mooc.house.user.mapper.UserMapper.select:] [a40cadfe10d4d651,82f64b16610a7bb3] - ==>  Preparing: select id, name, phone, email, aboutme, passwd, avatar, type, create_time, enable, agency_id from user WHERE email = ? 
2020-01-11 00:59:12.068  [http-nio-8083-exec-10] DEBUG [com.mooc.house.user.mapper.UserMapper.select:] [a40cadfe10d4d651,82f64b16610a7bb3] - ==> Parameters: 18292059068@163.com(String)
2020-01-11 00:59:12.076  [http-nio-8083-exec-10] DEBUG [com.mooc.house.user.mapper.UserMapper.select:] [a40cadfe10d4d651,82f64b16610a7bb3] - <==      Total: 1
2020-01-11 00:59:13.694  [http-nio-8083-exec-1] DEBUG [com.mooc.house.user.mapper.UserMapper.select:] [c8e75f62742c8f66,4b31884f02c92fd7] - ==>  Preparing: select id, name, phone, email, aboutme, passwd, avatar, type, create_time, enable, agency_id from user WHERE email = ? 
2020-01-11 00:59:13.695  [http-nio-8083-exec-1] DEBUG [com.mooc.house.user.mapper.UserMapper.select:] [c8e75f62742c8f66,4b31884f02c92fd7] - ==> Parameters: 18292059068@163.com(String)
2020-01-11 00:59:13.699  [http-nio-8083-exec-1] DEBUG [com.mooc.house.user.mapper.UserMapper.select:] [c8e75f62742c8f66,4b31884f02c92fd7] - <==      Total: 1
2020-01-11 00:59:14.019  [http-nio-8083-exec-2] DEBUG [com.mooc.house.user.mapper.AgencyMapper.selectAgent:] [c8e75f62742c8f66,cdbc9f4eac7f9d92] - ==>  Preparing: select id, name, phone, email, aboutme, passwd, avatar, type, create_time, enable, agency_id from user WHERE enable = 1 and type = 2 and id = ? order by id desc limit ?, ? 
2020-01-11 00:59:14.029  [http-nio-8083-exec-2] DEBUG [com.mooc.house.user.mapper.AgencyMapper.selectAgent:] [c8e75f62742c8f66,cdbc9f4eac7f9d92] - ==> Parameters: 44(Long), 0(Integer), 1(Integer)
2020-01-11 00:59:14.031  [http-nio-8083-exec-2] DEBUG [com.mooc.house.user.mapper.AgencyMapper.selectAgent:] [c8e75f62742c8f66,cdbc9f4eac7f9d92] - <==      Total: 0
2020-01-11 00:59:19.664  [http-nio-8083-exec-3] DEBUG [com.mooc.house.user.mapper.UserMapper.select:] [fe8be6aa56a9226c,56941833b0011bfc] - ==>  Preparing: select id, name, phone, email, aboutme, passwd, avatar, type, create_time, enable, agency_id from user WHERE email = ? 
2020-01-11 00:59:19.666  [http-nio-8083-exec-3] DEBUG [com.mooc.house.user.mapper.UserMapper.select:] [fe8be6aa56a9226c,56941833b0011bfc] - ==> Parameters: 18292059068@163.com(String)
2020-01-11 00:59:19.674  [http-nio-8083-exec-3] DEBUG [com.mooc.house.user.mapper.UserMapper.select:] [fe8be6aa56a9226c,56941833b0011bfc] - <==      Total: 1
2020-01-11 00:59:19.978  [http-nio-8083-exec-4] DEBUG [com.mooc.house.user.mapper.UserMapper.select:] [ecead8ccef3c87cd,654df0c1a5303edd] - ==>  Preparing: select id, name, phone, email, aboutme, passwd, avatar, type, create_time, enable, agency_id from user WHERE email = ? 
2020-01-11 00:59:19.980  [http-nio-8083-exec-4] DEBUG [com.mooc.house.user.mapper.UserMapper.select:] [ecead8ccef3c87cd,654df0c1a5303edd] - ==> Parameters: 18292059068@163.com(String)
2020-01-11 00:59:19.986  [http-nio-8083-exec-4] DEBUG [com.mooc.house.user.mapper.UserMapper.select:] [ecead8ccef3c87cd,654df0c1a5303edd] - <==      Total: 1
2020-01-11 00:59:20.996  [http-nio-8083-exec-5] DEBUG [com.mooc.house.user.mapper.UserMapper.selectById:] [ecead8ccef3c87cd,14f55a0931c4841e] - ==>  Preparing: select id, name, phone, email, aboutme, passwd, avatar, type, create_time, enable, agency_id from user where id = ? 
2020-01-11 00:59:20.996  [http-nio-8083-exec-5] DEBUG [com.mooc.house.user.mapper.UserMapper.selectById:] [ecead8ccef3c87cd,14f55a0931c4841e] - ==> Parameters: 51(Long)
2020-01-11 00:59:20.998  [http-nio-8083-exec-5] DEBUG [com.mooc.house.user.mapper.UserMapper.selectById:] [ecead8ccef3c87cd,14f55a0931c4841e] - <==      Total: 1
2020-01-11 00:59:21.178  [http-nio-8083-exec-6] DEBUG [com.mooc.house.user.mapper.AgencyMapper.selectAgent:] [ecead8ccef3c87cd,773e119113f90db7] - ==>  Preparing: select id, name, phone, email, aboutme, passwd, avatar, type, create_time, enable, agency_id from user WHERE enable = 1 and type = 2 and id = ? order by id desc limit ?, ? 
2020-01-11 00:59:21.180  [http-nio-8083-exec-6] DEBUG [com.mooc.house.user.mapper.AgencyMapper.selectAgent:] [ecead8ccef3c87cd,773e119113f90db7] - ==> Parameters: 44(Long), 0(Integer), 1(Integer)
2020-01-11 00:59:21.181  [http-nio-8083-exec-6] DEBUG [com.mooc.house.user.mapper.AgencyMapper.selectAgent:] [ecead8ccef3c87cd,773e119113f90db7] - <==      Total: 0
