2020-01-11 01:00:34.715  [http-nio-8083-exec-9] DEBUG [com.mooc.house.user.mapper.UserMapper.select:] [e64ca111890bcfdb,8dc0c76e2a99b1a7] - ==>  Preparing: select id, name, phone, email, aboutme, passwd, avatar, type, create_time, enable, agency_id from user WHERE email = ? 
2020-01-11 01:00:34.721  [http-nio-8083-exec-9] DEBUG [com.mooc.house.user.mapper.UserMapper.select:] [e64ca111890bcfdb,8dc0c76e2a99b1a7] - ==> Parameters: 18292059068@163.com(String)
2020-01-11 01:00:34.723  [http-nio-8083-exec-9] DEBUG [com.mooc.house.user.mapper.UserMapper.select:] [e64ca111890bcfdb,8dc0c76e2a99b1a7] - <==      Total: 1
2020-01-11 01:00:37.585  [http-nio-8083-exec-10] DEBUG [com.mooc.house.user.mapper.UserMapper.select:] [eef3ad5b5d171ae4,b3f28498427984fa] - ==>  Preparing: select id, name, phone, email, aboutme, passwd, avatar, type, create_time, enable, agency_id from user WHERE email = ? 
2020-01-11 01:00:37.586  [http-nio-8083-exec-10] DEBUG [com.mooc.house.user.mapper.UserMapper.select:] [eef3ad5b5d171ae4,b3f28498427984fa] - ==> Parameters: 18292059068@163.com(String)
2020-01-11 01:00:37.592  [http-nio-8083-exec-10] DEBUG [com.mooc.house.user.mapper.UserMapper.select:] [eef3ad5b5d171ae4,b3f28498427984fa] - <==      Total: 1
2020-01-11 01:00:40.856  [http-nio-8083-exec-1] DEBUG [com.mooc.house.user.mapper.UserMapper.select:] [62f3df2bef7b81cb,1763208e0a61fde3] - ==>  Preparing: select id, name, phone, email, aboutme, passwd, avatar, type, create_time, enable, agency_id from user WHERE email = ? 
2020-01-11 01:00:40.857  [http-nio-8083-exec-1] DEBUG [com.mooc.house.user.mapper.UserMapper.select:] [62f3df2bef7b81cb,1763208e0a61fde3] - ==> Parameters: 18292059068@163.com(String)
2020-01-11 01:00:40.860  [http-nio-8083-exec-1] DEBUG [com.mooc.house.user.mapper.UserMapper.select:] [62f3df2bef7b81cb,1763208e0a61fde3] - <==      Total: 1
2020-01-11 01:00:46.765  [http-nio-8083-exec-2] DEBUG [com.mooc.house.user.mapper.UserMapper.select:] [fe9f52f76fcae5ec,c68c1b7852e24acc] - ==>  Preparing: select id, name, phone, email, aboutme, passwd, avatar, type, create_time, enable, agency_id from user WHERE email = ? 
2020-01-11 01:00:46.766  [http-nio-8083-exec-2] DEBUG [com.mooc.house.user.mapper.UserMapper.select:] [fe9f52f76fcae5ec,c68c1b7852e24acc] - ==> Parameters: 18292059068@163.com(String)
2020-01-11 01:00:46.770  [http-nio-8083-exec-2] DEBUG [com.mooc.house.user.mapper.UserMapper.select:] [fe9f52f76fcae5ec,c68c1b7852e24acc] - <==      Total: 1
2020-01-11 01:00:50.929  [http-nio-8083-exec-3] DEBUG [com.mooc.house.user.mapper.UserMapper.select:] [82846462e5c39eea,c06247f9354f7819] - ==>  Preparing: select id, name, phone, email, aboutme, passwd, avatar, type, create_time, enable, agency_id from user WHERE email = ? 
2020-01-11 01:00:50.931  [http-nio-8083-exec-3] DEBUG [com.mooc.house.user.mapper.UserMapper.select:] [82846462e5c39eea,c06247f9354f7819] - ==> Parameters: 18292059068@163.com(String)
2020-01-11 01:00:50.934  [http-nio-8083-exec-3] DEBUG [com.mooc.house.user.mapper.UserMapper.select:] [82846462e5c39eea,c06247f9354f7819] - <==      Total: 1
2020-01-11 01:00:50.952  [http-nio-8083-exec-4] DEBUG [com.mooc.house.user.mapper.AgencyMapper.select:] [82846462e5c39eea,90d0e4fee0254f9c] - ==>  Preparing: select id, name , address , phone , email , about_us , mobile , web_site from agency 
2020-01-11 01:00:50.954  [http-nio-8083-exec-4] DEBUG [com.mooc.house.user.mapper.AgencyMapper.select:] [82846462e5c39eea,90d0e4fee0254f9c] - ==> Parameters: 
2020-01-11 01:00:50.959  [http-nio-8083-exec-4] DEBUG [com.mooc.house.user.mapper.AgencyMapper.select:] [82846462e5c39eea,90d0e4fee0254f9c] - <==      Total: 4
2020-01-11 01:00:59.810  [http-nio-8083-exec-5] DEBUG [com.mooc.house.user.mapper.UserMapper.select:] [fb9414a912717fb6,6b2004b18842c528] - ==>  Preparing: select id, name, phone, email, aboutme, passwd, avatar, type, create_time, enable, agency_id from user WHERE email = ? 
2020-01-11 01:00:59.811  [http-nio-8083-exec-5] DEBUG [com.mooc.house.user.mapper.UserMapper.select:] [fb9414a912717fb6,6b2004b18842c528] - ==> Parameters: 18292059068@163.com(String)
2020-01-11 01:00:59.815  [http-nio-8083-exec-5] DEBUG [com.mooc.house.user.mapper.UserMapper.select:] [fb9414a912717fb6,6b2004b18842c528] - <==      Total: 1
2020-01-11 01:01:01.375  [http-nio-8083-exec-6] DEBUG [com.mooc.house.user.mapper.UserMapper.select:] [09e1d3b93c126201,7a5e3739d31ee8fb] - ==>  Preparing: select id, name, phone, email, aboutme, passwd, avatar, type, create_time, enable, agency_id from user WHERE email = ? 
2020-01-11 01:01:01.376  [http-nio-8083-exec-6] DEBUG [com.mooc.house.user.mapper.UserMapper.select:] [09e1d3b93c126201,7a5e3739d31ee8fb] - ==> Parameters: 18292059068@163.com(String)
2020-01-11 01:01:01.380  [http-nio-8083-exec-6] DEBUG [com.mooc.house.user.mapper.UserMapper.select:] [09e1d3b93c126201,7a5e3739d31ee8fb] - <==      Total: 1
2020-01-11 01:01:03.996  [http-nio-8083-exec-7] DEBUG [com.mooc.house.user.mapper.UserMapper.select:] [462d1731ec776b4b,50c25581dcd1d9e8] - ==>  Preparing: select id, name, phone, email, aboutme, passwd, avatar, type, create_time, enable, agency_id from user WHERE email = ? 
2020-01-11 01:01:03.997  [http-nio-8083-exec-7] DEBUG [com.mooc.house.user.mapper.UserMapper.select:] [462d1731ec776b4b,50c25581dcd1d9e8] - ==> Parameters: 18292059068@163.com(String)
2020-01-11 01:01:04.001  [http-nio-8083-exec-7] DEBUG [com.mooc.house.user.mapper.UserMapper.select:] [462d1731ec776b4b,50c25581dcd1d9e8] - <==      Total: 1
2020-01-11 01:01:40.711  [http-nio-8083-exec-8] DEBUG [com.mooc.house.user.mapper.UserMapper.select:] [18e48f2506d5e086,e7d1541b90193b4c] - ==>  Preparing: select id, name, phone, email, aboutme, passwd, avatar, type, create_time, enable, agency_id from user WHERE email = ? 
2020-01-11 01:01:40.712  [http-nio-8083-exec-8] DEBUG [com.mooc.house.user.mapper.UserMapper.select:] [18e48f2506d5e086,e7d1541b90193b4c] - ==> Parameters: 18292059068@163.com(String)
2020-01-11 01:01:40.715  [http-nio-8083-exec-8] DEBUG [com.mooc.house.user.mapper.UserMapper.select:] [18e48f2506d5e086,e7d1541b90193b4c] - <==      Total: 1
2020-01-11 01:03:48.981  [http-nio-8083-exec-10] DEBUG [com.mooc.house.user.mapper.UserMapper.select:] [1c212c367a8a7c78,4e53aefda15a2ec5] - ==>  Preparing: select id, name, phone, email, aboutme, passwd, avatar, type, create_time, enable, agency_id from user WHERE email = ? 
2020-01-11 01:03:48.982  [http-nio-8083-exec-10] DEBUG [com.mooc.house.user.mapper.UserMapper.select:] [1c212c367a8a7c78,4e53aefda15a2ec5] - ==> Parameters: 18292059068@163.com(String)
2020-01-11 01:03:48.984  [http-nio-8083-exec-10] DEBUG [com.mooc.house.user.mapper.UserMapper.select:] [1c212c367a8a7c78,4e53aefda15a2ec5] - <==      Total: 1
2020-01-11 01:03:51.000  [http-nio-8083-exec-1] DEBUG [com.mooc.house.user.mapper.UserMapper.select:] [06e64dd487ba06ca,a7591857d7bc519c] - ==>  Preparing: select id, name, phone, email, aboutme, passwd, avatar, type, create_time, enable, agency_id from user WHERE email = ? 
2020-01-11 01:03:51.003  [http-nio-8083-exec-1] DEBUG [com.mooc.house.user.mapper.UserMapper.select:] [06e64dd487ba06ca,a7591857d7bc519c] - ==> Parameters: 18292059068@163.com(String)
2020-01-11 01:03:51.008  [http-nio-8083-exec-1] DEBUG [com.mooc.house.user.mapper.UserMapper.select:] [06e64dd487ba06ca,a7591857d7bc519c] - <==      Total: 1
2020-01-11 01:03:52.225  [http-nio-8083-exec-2] DEBUG [com.mooc.house.user.mapper.UserMapper.select:] [e4d8db03d2dc5a5f,f74d761b4562d9e2] - ==>  Preparing: select id, name, phone, email, aboutme, passwd, avatar, type, create_time, enable, agency_id from user WHERE email = ? 
2020-01-11 01:03:52.227  [http-nio-8083-exec-2] DEBUG [com.mooc.house.user.mapper.UserMapper.select:] [e4d8db03d2dc5a5f,f74d761b4562d9e2] - ==> Parameters: 18292059068@163.com(String)
2020-01-11 01:03:52.232  [http-nio-8083-exec-2] DEBUG [com.mooc.house.user.mapper.UserMapper.select:] [e4d8db03d2dc5a5f,f74d761b4562d9e2] - <==      Total: 1
2020-01-11 01:05:21.152  [http-nio-8083-exec-4] DEBUG [com.mooc.house.user.mapper.UserMapper.select:] [3b96df355f150cc4,106fe81ca37c9338] - ==>  Preparing: select id, name, phone, email, aboutme, passwd, avatar, type, create_time, enable, agency_id from user WHERE email = ? 
2020-01-11 01:05:21.153  [http-nio-8083-exec-4] DEBUG [com.mooc.house.user.mapper.UserMapper.select:] [3b96df355f150cc4,106fe81ca37c9338] - ==> Parameters: 18292059068@163.com(String)
2020-01-11 01:05:21.156  [http-nio-8083-exec-4] DEBUG [com.mooc.house.user.mapper.UserMapper.select:] [3b96df355f150cc4,106fe81ca37c9338] - <==      Total: 1
2020-01-11 01:05:22.516  [http-nio-8083-exec-5] DEBUG [com.mooc.house.user.mapper.UserMapper.selectById:] [3b96df355f150cc4,d9621b683de6a733] - ==>  Preparing: select id, name, phone, email, aboutme, passwd, avatar, type, create_time, enable, agency_id from user where id = ? 
2020-01-11 01:05:22.517  [http-nio-8083-exec-5] DEBUG [com.mooc.house.user.mapper.UserMapper.selectById:] [3b96df355f150cc4,d9621b683de6a733] - ==> Parameters: 51(Long)
2020-01-11 01:05:22.519  [http-nio-8083-exec-5] DEBUG [com.mooc.house.user.mapper.UserMapper.selectById:] [3b96df355f150cc4,d9621b683de6a733] - <==      Total: 1
2020-01-11 01:05:22.691  [http-nio-8083-exec-6] DEBUG [com.mooc.house.user.mapper.AgencyMapper.selectAgent:] [3b96df355f150cc4,481b2b42b321962b] - ==>  Preparing: select id, name, phone, email, aboutme, passwd, avatar, type, create_time, enable, agency_id from user WHERE enable = 1 and type = 2 and id = ? order by id desc limit ?, ? 
2020-01-11 01:05:22.693  [http-nio-8083-exec-6] DEBUG [com.mooc.house.user.mapper.AgencyMapper.selectAgent:] [3b96df355f150cc4,481b2b42b321962b] - ==> Parameters: 44(Long), 0(Integer), 1(Integer)
2020-01-11 01:05:22.696  [http-nio-8083-exec-6] DEBUG [com.mooc.house.user.mapper.AgencyMapper.selectAgent:] [3b96df355f150cc4,481b2b42b321962b] - <==      Total: 0
2020-01-11 01:05:35.255  [http-nio-8083-exec-7] DEBUG [com.mooc.house.user.mapper.UserMapper.select:] [a75beda34cbde44f,9488b9ba39fd77a5] - ==>  Preparing: select id, name, phone, email, aboutme, passwd, avatar, type, create_time, enable, agency_id from user WHERE email = ? 
2020-01-11 01:05:35.256  [http-nio-8083-exec-7] DEBUG [com.mooc.house.user.mapper.UserMapper.select:] [a75beda34cbde44f,9488b9ba39fd77a5] - ==> Parameters: 18292059068@163.com(String)
2020-01-11 01:05:35.259  [http-nio-8083-exec-7] DEBUG [com.mooc.house.user.mapper.UserMapper.select:] [a75beda34cbde44f,9488b9ba39fd77a5] - <==      Total: 1
2020-01-11 01:05:38.043  [http-nio-8083-exec-8] DEBUG [com.mooc.house.user.mapper.UserMapper.select:] [3ff56c2298cfffef,80fdbeb1c3ef9f67] - ==>  Preparing: select id, name, phone, email, aboutme, passwd, avatar, type, create_time, enable, agency_id from user WHERE email = ? 
2020-01-11 01:05:38.044  [http-nio-8083-exec-8] DEBUG [com.mooc.house.user.mapper.UserMapper.select:] [3ff56c2298cfffef,80fdbeb1c3ef9f67] - ==> Parameters: 18292059068@163.com(String)
2020-01-11 01:05:38.047  [http-nio-8083-exec-8] DEBUG [com.mooc.house.user.mapper.UserMapper.select:] [3ff56c2298cfffef,80fdbeb1c3ef9f67] - <==      Total: 1
2020-01-11 01:05:38.171  [http-nio-8083-exec-9] DEBUG [com.mooc.house.user.mapper.UserMapper.selectById:] [3ff56c2298cfffef,090cafb4dddf3f98] - ==>  Preparing: select id, name, phone, email, aboutme, passwd, avatar, type, create_time, enable, agency_id from user where id = ? 
2020-01-11 01:05:38.172  [http-nio-8083-exec-9] DEBUG [com.mooc.house.user.mapper.UserMapper.selectById:] [3ff56c2298cfffef,090cafb4dddf3f98] - ==> Parameters: 38(Long)
2020-01-11 01:05:38.175  [http-nio-8083-exec-9] DEBUG [com.mooc.house.user.mapper.UserMapper.selectById:] [3ff56c2298cfffef,090cafb4dddf3f98] - <==      Total: 1
2020-01-11 01:05:38.241  [http-nio-8083-exec-1] DEBUG [com.mooc.house.user.mapper.UserMapper.selectById:] [3ff56c2298cfffef,b3787dc823a1abf2] - ==>  Preparing: select id, name, phone, email, aboutme, passwd, avatar, type, create_time, enable, agency_id from user where id = ? 
2020-01-11 01:05:38.242  [http-nio-8083-exec-1] DEBUG [com.mooc.house.user.mapper.UserMapper.selectById:] [3ff56c2298cfffef,b3787dc823a1abf2] - ==> Parameters: 25(Long)
2020-01-11 01:05:38.244  [http-nio-8083-exec-1] DEBUG [com.mooc.house.user.mapper.UserMapper.selectById:] [3ff56c2298cfffef,b3787dc823a1abf2] - <==      Total: 1
2020-01-11 01:05:38.265  [http-nio-8083-exec-2] DEBUG [com.mooc.house.user.mapper.UserMapper.selectById:] [3ff56c2298cfffef,0539b11621312c1c] - ==>  Preparing: select id, name, phone, email, aboutme, passwd, avatar, type, create_time, enable, agency_id from user where id = ? 
2020-01-11 01:05:38.265  [http-nio-8083-exec-2] DEBUG [com.mooc.house.user.mapper.UserMapper.selectById:] [3ff56c2298cfffef,0539b11621312c1c] - ==> Parameters: 7(Long)
2020-01-11 01:05:38.267  [http-nio-8083-exec-2] DEBUG [com.mooc.house.user.mapper.UserMapper.selectById:] [3ff56c2298cfffef,0539b11621312c1c] - <==      Total: 1
